Release 14.7 - xst P.20131013 (nt)
Copyright (c) 1995-2013 Xilinx, Inc.  All rights reserved.
--> Parameter TMPDIR set to xst/projnav.tmp


Total REAL time to Xst completion: 0.00 secs
Total CPU time to Xst completion: 0.17 secs
 
--> Parameter xsthdpdir set to xst


Total REAL time to Xst completion: 0.00 secs
Total CPU time to Xst completion: 0.17 secs
 
--> Reading design: counter.prj

TABLE OF CONTENTS
  1) Synthesis Options Summary
  2) HDL Compilation
  3) Design Hierarchy Analysis
  4) HDL Analysis
  5) HDL Synthesis
     5.1) HDL Synthesis Report
  6) Advanced HDL Synthesis
     6.1) Advanced HDL Synthesis Report
  7) Low Level Synthesis
  8) Partition Report
  9) Final Report
	9.1) Device utilization summary
	9.2) Partition Resource Summary
	9.3) TIMING REPORT


=========================================================================
*                      Synthesis Options Summary                        *
=========================================================================
---- Source Parameters
Input File Name                    : "counter.prj"
Input Format                       : mixed
Ignore Synthesis Constraint File   : NO

---- Target Parameters
Output File Name                   : "counter"
Output Format                      : NGC
Target Device                      : xc4vlx25-10-ff668

---- Source Options
Top Module Name                    : counter
Automatic FSM Extraction           : YES
FSM Encoding Algorithm             : Auto
Safe Implementation                : No
FSM Style                          : LUT
RAM Extraction                     : Yes
RAM Style                          : Auto
ROM Extraction                     : Yes
Mux Style                          : Auto
Decoder Extraction                 : YES
Priority Encoder Extraction        : Yes
Shift Register Extraction          : YES
Logical Shifter Extraction         : YES
XOR Collapsing                     : YES
ROM Style                          : Auto
Mux Extraction                     : Yes
Resource Sharing                   : YES
Asynchronous To Synchronous        : NO
Use DSP Block                      : Auto
Automatic Register Balancing       : No

---- Target Options
Add IO Buffers                     : YES
Global Maximum Fanout              : 500
Add Generic Clock Buffer(BUFG)     : 32
Number of Regional Clock Buffers   : 24
Register Duplication               : YES
Slice Packing                      : YES
Optimize Instantiated Primitives   : NO
Use Clock Enable                   : Auto
Use Synchronous Set                : Auto
Use Synchronous Reset              : Auto
Pack IO Registers into IOBs        : Auto
Equivalent register Removal        : YES

---- General Options
Optimization Goal                  : Speed
Optimization Effort                : 1
Power Reduction                    : NO
Keep Hierarchy                     : No
Netlist Hierarchy                  : As_Optimized
RTL Output                         : Yes
Global Optimization                : AllClockNets
Read Cores                         : YES
Write Timing Constraints           : NO
Cross Clock Analysis               : NO
Hierarchy Separator                : /
Bus Delimiter                      : <>
Case Specifier                     : Maintain
Slice Utilization Ratio            : 100
BRAM Utilization Ratio             : 100
DSP48 Utilization Ratio            : 100
Verilog 2001                       : YES
Auto BRAM Packing                  : NO
Slice Utilization Ratio Delta      : 5

=========================================================================


=========================================================================
*                          HDL Compilation                              *
=========================================================================
Compiling vhdl file "C:/Users/Admin/Desktop/New Counter/NewCounter/counter.vhf" in Library work.
Entity <counter> compiled.
Entity <counter> (Architecture <behavioral>) compiled.

=========================================================================
*                     Design Hierarchy Analysis                         *
=========================================================================
Analyzing hierarchy for entity <counter> in library <work> (architecture <behavioral>).


=========================================================================
*                            HDL Analysis                               *
=========================================================================
Analyzing Entity <counter> in library <work> (Architecture <behavioral>).
    Set user-defined property "INIT =  0" for instance <XLXI_1> in unit <counter>.
    Set user-defined property "INIT =  0" for instance <XLXI_2> in unit <counter>.
    Set user-defined property "INIT =  0" for instance <XLXI_3> in unit <counter>.
Entity <counter> analyzed. Unit <counter> generated.


=========================================================================
*                           HDL Synthesis                               *
=========================================================================

Performing bidirectional port resolution...

Synthesizing Unit <counter>.
    Related source file is "C:/Users/Admin/Desktop/New Counter/NewCounter/counter.vhf".
Unit <counter> synthesized.


=========================================================================
HDL Synthesis Report

Found no macro
=========================================================================

=========================================================================
*                       Advanced HDL Synthesis                          *
=========================================================================


=========================================================================
Advanced HDL Synthesis Report

Macro Statistics
# Registers                                            : 3
 Flip-Flops                                            : 3

=========================================================================

=========================================================================
*                         Low Level Synthesis                           *
=========================================================================

Optimizing unit <counter> ...

Mapping all equations...
Building and optimizing final netlist ...
Found area constraint ratio of 100 (+ 5) on block counter, actual ratio is 0.

Final Macro Processing ...

=========================================================================
Final Register Report

Macro Statistics
# Registers                                            : 3
 Flip-Flops                                            : 3

=========================================================================

=========================================================================
*                           Partition Report                            *
=========================================================================

Partition Implementation Status
-------------------------------

  No Partitions were found in this design.

-------------------------------

=========================================================================
*                            Final Report                               *
=========================================================================
Final Results
RTL Top Level Output File Name     : counter.ngr
Top Level Output File Name         : counter
Output Format                      : NGC
Optimization Goal                  : Speed
Keep Hierarchy                     : No

Design Statistics
# IOs                              : 5

Cell Usage :
# BELS                             : 3
#      INV                         : 3
# FlipFlops/Latches                : 3
#      FDC                         : 3
# Clock Buffers                    : 1
#      BUFGP                       : 1
# IO Buffers                       : 4
#      IBUF                        : 1
#      OBUF                        : 3
=========================================================================

Device utilization summary:
---------------------------

Selected Device : 4vlx25ff668-10 

 Number of Slices:                        2  out of  10752     0%  
 Number of Slice Flip Flops:              3  out of  21504     0%  
 Number of 4 input LUTs:                  3  out of  21504     0%  
 Number of IOs:                           5
 Number of bonded IOBs:                   5  out of    448     1%  
 Number of GCLKs:                         1  out of     32     3%  

---------------------------
Partition Resource Summary:
---------------------------

  No Partitions were found in this design.

---------------------------


=========================================================================
TIMING REPORT

NOTE: THESE TIMING NUMBERS ARE ONLY A SYNTHESIS ESTIMATE.
      FOR ACCURATE TIMING INFORMATION PLEASE REFER TO THE TRACE REPORT
      GENERATED AFTER PLACE-and-ROUTE.

Clock Information:
------------------
-----------------------------------+------------------------+-------+
Clock Signal                       | Clock buffer(FF name)  | Load  |
-----------------------------------+------------------------+-------+
CLK                                | BUFGP                  | 1     |
Q1_OBUF                            | NONE(XLXI_2)           | 1     |
Q2_OBUF                            | NONE(XLXI_3)           | 1     |
-----------------------------------+------------------------+-------+
INFO:Xst:2169 - HDL ADVISOR - Some clock signals were not automatically buffered by XST with BUFG/BUFR resources. Please use the buffer_type constraint in order to insert these buffers to the clock signals to help prevent skew problems.

Asynchronous Control Signals Information:
----------------------------------------
-----------------------------------+------------------------+-------+
Control Signal                     | Buffer(FF name)        | Load  |
-----------------------------------+------------------------+-------+
CLR                                | IBUF                   | 3     |
-----------------------------------+------------------------+-------+

Timing Summary:
---------------
Speed Grade: -10

   Minimum period: 1.477ns (Maximum Frequency: 676.979MHz)
   Minimum input arrival time before clock: No path found
   Maximum output required time after clock: 4.694ns
   Maximum combinational path delay: No path found

Timing Detail:
--------------
All values displayed in nanoseconds (ns)

=========================================================================
Timing constraint: Default period analysis for Clock 'CLK'
  Clock period: 1.475ns (frequency: 678.035MHz)
  Total number of paths / destination ports: 1 / 1
-------------------------------------------------------------------------
Delay:               1.475ns (Levels of Logic = 1)
  Source:            XLXI_1 (FF)
  Destination:       XLXI_1 (FF)
  Source Clock:      CLK rising
  Destination Clock: CLK rising

  Data Path: XLXI_1 to XLXI_1
                                Gate     Net
    Cell:in->out      fanout   Delay   Delay  Logical Name (Net Name)
    ----------------------------------------  ------------
     FDC:C->Q              3   0.360   0.375  XLXI_1 (Q1_OBUF)
     INV:I->O              1   0.358   0.360  XLXI_4 (XLXN_2)
     FDC:D                     0.022          XLXI_1
    ----------------------------------------
    Total                      1.475ns (0.740ns logic, 0.735ns route)
                                       (50.2% logic, 49.8% route)

=========================================================================
Timing constraint: Default period analysis for Clock 'Q1_OBUF'
  Clock period: 1.475ns (frequency: 678.035MHz)
  Total number of paths / destination ports: 1 / 1
-------------------------------------------------------------------------
Delay:               1.475ns (Levels of Logic = 1)
  Source:            XLXI_2 (FF)
  Destination:       XLXI_2 (FF)
  Source Clock:      Q1_OBUF rising
  Destination Clock: Q1_OBUF rising

  Data Path: XLXI_2 to XLXI_2
                                Gate     Net
    Cell:in->out      fanout   Delay   Delay  Logical Name (Net Name)
    ----------------------------------------  ------------
     FDC:C->Q              3   0.360   0.375  XLXI_2 (Q2_OBUF)
     INV:I->O              1   0.358   0.360  XLXI_5 (XLXN_6)
     FDC:D                     0.022          XLXI_2
    ----------------------------------------
    Total                      1.475ns (0.740ns logic, 0.735ns route)
                                       (50.2% logic, 49.8% route)

=========================================================================
Timing constraint: Default period analysis for Clock 'Q2_OBUF'
  Clock period: 1.477ns (frequency: 676.979MHz)
  Total number of paths / destination ports: 1 / 1
-------------------------------------------------------------------------
Delay:               1.477ns (Levels of Logic = 1)
  Source:            XLXI_3 (FF)
  Destination:       XLXI_3 (FF)
  Source Clock:      Q2_OBUF rising
  Destination Clock: Q2_OBUF rising

  Data Path: XLXI_3 to XLXI_3
                                Gate     Net
    Cell:in->out      fanout   Delay   Delay  Logical Name (Net Name)
    ----------------------------------------  ------------
     FDC:C->Q              2   0.360   0.377  XLXI_3 (Q3_OBUF)
     INV:I->O              1   0.358   0.360  XLXI_6 (XLXN_13)
     FDC:D                     0.022          XLXI_3
    ----------------------------------------
    Total                      1.477ns (0.740ns logic, 0.737ns route)
                                       (50.1% logic, 49.9% route)

=========================================================================
Timing constraint: Default OFFSET OUT AFTER for Clock 'CLK'
  Total number of paths / destination ports: 1 / 1
-------------------------------------------------------------------------
Offset:              4.692ns (Levels of Logic = 1)
  Source:            XLXI_1 (FF)
  Destination:       Q1 (PAD)
  Source Clock:      CLK rising

  Data Path: XLXI_1 to Q1
                                Gate     Net
    Cell:in->out      fanout   Delay   Delay  Logical Name (Net Name)
    ----------------------------------------  ------------
     FDC:C->Q              3   0.360   0.375  XLXI_1 (Q1_OBUF)
     OBUF:I->O                 3.957          Q1_OBUF (Q1)
    ----------------------------------------
    Total                      4.692ns (4.317ns logic, 0.375ns route)
                                       (92.0% logic, 8.0% route)

=========================================================================
Timing constraint: Default OFFSET OUT AFTER for Clock 'Q1_OBUF'
  Total number of paths / destination ports: 1 / 1
-------------------------------------------------------------------------
Offset:              4.692ns (Levels of Logic = 1)
  Source:            XLXI_2 (FF)
  Destination:       Q2 (PAD)
  Source Clock:      Q1_OBUF rising

  Data Path: XLXI_2 to Q2
                                Gate     Net
    Cell:in->out      fanout   Delay   Delay  Logical Name (Net Name)
    ----------------------------------------  ------------
     FDC:C->Q              3   0.360   0.375  XLXI_2 (Q2_OBUF)
     OBUF:I->O                 3.957          Q2_OBUF (Q2)
    ----------------------------------------
    Total                      4.692ns (4.317ns logic, 0.375ns route)
                                       (92.0% logic, 8.0% route)

=========================================================================
Timing constraint: Default OFFSET OUT AFTER for Clock 'Q2_OBUF'
  Total number of paths / destination ports: 1 / 1
-------------------------------------------------------------------------
Offset:              4.694ns (Levels of Logic = 1)
  Source:            XLXI_3 (FF)
  Destination:       Q3 (PAD)
  Source Clock:      Q2_OBUF rising

  Data Path: XLXI_3 to Q3
                                Gate     Net
    Cell:in->out      fanout   Delay   Delay  Logical Name (Net Name)
    ----------------------------------------  ------------
     FDC:C->Q              2   0.360   0.377  XLXI_3 (Q3_OBUF)
     OBUF:I->O                 3.957          Q3_OBUF (Q3)
    ----------------------------------------
    Total                      4.694ns (4.317ns logic, 0.377ns route)
                                       (92.0% logic, 8.0% route)

=========================================================================


Total REAL time to Xst completion: 3.00 secs
Total CPU time to Xst completion: 3.00 secs
 
--> 

Total memory usage is 217956 kilobytes

Number of errors   :    0 (   0 filtered)
Number of warnings :    0 (   0 filtered)
Number of infos    :    1 (   0 filtered)

