Release 14.7 - xst P.20131013 (nt)
Copyright (c) 1995-2013 Xilinx, Inc.  All rights reserved.
--> Parameter TMPDIR set to xst/projnav.tmp


Total REAL time to Xst completion: 0.00 secs
Total CPU time to Xst completion: 0.22 secs
 
--> Parameter xsthdpdir set to xst


Total REAL time to Xst completion: 0.00 secs
Total CPU time to Xst completion: 0.22 secs
 
--> Reading design: l5q1dfpga.prj

TABLE OF CONTENTS
  1) Synthesis Options Summary
  2) HDL Parsing
  3) HDL Elaboration
  4) HDL Synthesis
       4.1) HDL Synthesis Report
  5) Advanced HDL Synthesis
       5.1) Advanced HDL Synthesis Report
  6) Low Level Synthesis
  7) Partition Report
  8) Design Summary
       8.1) Primitive and Black Box Usage
       8.2) Device utilization summary
       8.3) Partition Resource Summary
       8.4) Timing Report
            8.4.1) Clock Information
            8.4.2) Asynchronous Control Signals Information
            8.4.3) Timing Summary
            8.4.4) Timing Details
            8.4.5) Cross Clock Domains Report


=========================================================================
*                      Synthesis Options Summary                        *
=========================================================================
---- Source Parameters
Input File Name                    : "l5q1dfpga.prj"
Ignore Synthesis Constraint File   : NO

---- Target Parameters
Output File Name                   : "l5q1dfpga"
Output Format                      : NGC
Target Device                      : xc6vcx75t-2-ff484

---- Source Options
Top Module Name                    : l5q1dfpga
Automatic FSM Extraction           : YES
FSM Encoding Algorithm             : Auto
Safe Implementation                : No
FSM Style                          : LUT
RAM Extraction                     : Yes
RAM Style                          : Auto
ROM Extraction                     : Yes
Shift Register Extraction          : YES
ROM Style                          : Auto
Resource Sharing                   : YES
Asynchronous To Synchronous        : NO
Shift Register Minimum Size        : 2
Use DSP Block                      : Auto
Automatic Register Balancing       : No

---- Target Options
LUT Combining                      : Auto
Reduce Control Sets                : Auto
Add IO Buffers                     : YES
Global Maximum Fanout              : 100000
Add Generic Clock Buffer(BUFG)     : 32
Register Duplication               : YES
Optimize Instantiated Primitives   : NO
Use Clock Enable                   : Auto
Use Synchronous Set                : Auto
Use Synchronous Reset              : Auto
Pack IO Registers into IOBs        : Auto
Equivalent register Removal        : YES

---- General Options
Optimization Goal                  : Speed
Optimization Effort                : 1
Power Reduction                    : NO
Keep Hierarchy                     : No
Netlist Hierarchy                  : As_Optimized
RTL Output                         : Yes
Global Optimization                : AllClockNets
Read Cores                         : YES
Write Timing Constraints           : NO
Cross Clock Analysis               : NO
Hierarchy Separator                : /
Bus Delimiter                      : <>
Case Specifier                     : Maintain
Slice Utilization Ratio            : 100
BRAM Utilization Ratio             : 100
DSP48 Utilization Ratio            : 100
Auto BRAM Packing                  : NO
Slice Utilization Ratio Delta      : 5

---- Other Options
Cores Search Directories           : {"ipcore_dir"  }

=========================================================================


=========================================================================
*                          HDL Parsing                                  *
=========================================================================
Analyzing Verilog file "E:\Lab5\Q1\Synth\l5q1\ipcore_dir\l5q1d.v" into library work
Parsing module <l5q1d>.
Analyzing Verilog file "E:\Lab5\Q1\Synth\l5q1\fgpa_l5q1c.v" into library work
Parsing module <l5q1dfpga>.

=========================================================================
*                            HDL Elaboration                            *
=========================================================================

Elaborating module <l5q1dfpga>.
WARNING:HDLCompiler:816 - "E:\Lab5\Q1\Synth\l5q1\fgpa_l5q1c.v" Line 68: System function call random not supported
WARNING:HDLCompiler:816 - "E:\Lab5\Q1\Synth\l5q1\fgpa_l5q1c.v" Line 69: System function call random not supported
WARNING:HDLCompiler:816 - "E:\Lab5\Q1\Synth\l5q1\fgpa_l5q1c.v" Line 70: System function call random not supported
WARNING:HDLCompiler:816 - "E:\Lab5\Q1\Synth\l5q1\fgpa_l5q1c.v" Line 71: System function call random not supported
WARNING:HDLCompiler:872 - "E:\Lab5\Q1\Synth\l5q1\fgpa_l5q1c.v" Line 53: Using initial value of add since it is never assigned

Elaborating module <l5q1d>.
WARNING:HDLCompiler:1127 - "E:\Lab5\Q1\Synth\l5q1\fgpa_l5q1c.v" Line 43: Assignment to c_out ignored, since the identifier is never used
WARNING:HDLCompiler:1127 - "E:\Lab5\Q1\Synth\l5q1\fgpa_l5q1c.v" Line 46: Assignment to s ignored, since the identifier is never used

=========================================================================
*                           HDL Synthesis                               *
=========================================================================

Synthesizing Unit <l5q1dfpga>.
    Related source file is "E:\Lab5\Q1\Synth\l5q1\fgpa_l5q1c.v".
INFO:Xst:3210 - "E:\Lab5\Q1\Synth\l5q1\fgpa_l5q1c.v" line 39: Output port <s> of the instance <uut3> is unconnected or connected to loadless signal.
INFO:Xst:3210 - "E:\Lab5\Q1\Synth\l5q1\fgpa_l5q1c.v" line 39: Output port <c_out> of the instance <uut3> is unconnected or connected to loadless signal.
    Summary:
	no macro.
Unit <l5q1dfpga> synthesized.

=========================================================================
HDL Synthesis Report

Found no macro
=========================================================================

=========================================================================
*                       Advanced HDL Synthesis                          *
=========================================================================

Reading core <ipcore_dir/l5q1d.ngc>.
Reading Secure Unit <blk00000001>.
Loading core <l5q1d> for timing and area information for instance <uut3>.
INFO:Xst:1901 - Instance blk00000008 in unit blk00000008 of type DSP48E has been replaced by DSP48E1

=========================================================================
Advanced HDL Synthesis Report

Found no macro
=========================================================================

=========================================================================
*                         Low Level Synthesis                           *
=========================================================================
WARNING:Xst:2170 - Unit l5q1dfpga : the following signal(s) form a combinatorial loop: clk.
WARNING:Xst:2016 - Found a loop when searching source clock on port 'clk:clk'
Last warning will be issued only once.

Optimizing unit <l5q1dfpga> ...

Mapping all equations...
Building and optimizing final netlist ...
Found area constraint ratio of 100 (+ 5) on block l5q1dfpga, actual ratio is 0.

Final Macro Processing ...

=========================================================================
Final Register Report

Found no macro
=========================================================================

=========================================================================
*                           Partition Report                            *
=========================================================================

Partition Implementation Status
-------------------------------

  No Partitions were found in this design.

-------------------------------

=========================================================================
*                            Design Summary                             *
=========================================================================

Top Level Output File Name         : l5q1dfpga.ngc

Primitive and Black Box Usage:
------------------------------
# BELS                             : 9
#      GND                         : 3
#      INV                         : 2
#      LUT2                        : 2
#      VCC                         : 2
# FlipFlops/Latches                : 1
#      FD                          : 1
# DSPs                             : 1
#      DSP48E1                     : 1

Device utilization summary:
---------------------------

Selected Device : 6vcx75tff484-2 


Slice Logic Utilization: 
 Number of Slice Registers:               1  out of  93120     0%  
 Number of Slice LUTs:                    4  out of  46560     0%  
    Number used as Logic:                 4  out of  46560     0%  

Slice Logic Distribution: 
 Number of LUT Flip Flop pairs used:      5
   Number with an unused Flip Flop:       4  out of      5    80%  
   Number with an unused LUT:             1  out of      5    20%  
   Number of fully used LUT-FF pairs:     0  out of      5     0%  
   Number of unique control sets:         0

IO Utilization: 
 Number of IOs:                           0
 Number of bonded IOBs:                   0  out of    240     0%  

Specific Feature Utilization:
 Number of DSP48E1s:                      1  out of    288     0%  

---------------------------
Partition Resource Summary:
---------------------------

  No Partitions were found in this design.

---------------------------


=========================================================================
Timing Report

NOTE: THESE TIMING NUMBERS ARE ONLY A SYNTHESIS ESTIMATE.
      FOR ACCURATE TIMING INFORMATION PLEASE REFER TO THE TRACE REPORT
      GENERATED AFTER PLACE-and-ROUTE.

Clock Information:
------------------
-----------------------------------+--------------------------------------+-------+
Clock Signal                       | Clock buffer(FF name)                | Load  |
-----------------------------------+--------------------------------------+-------+
clk(clk_INV_0:O)                   | NONE(*)(uut3/blk00000001/blk00000004)| 2     |
-----------------------------------+--------------------------------------+-------+
(*) This 1 clock signal(s) are generated by combinatorial logic,
and XST is not able to identify which are the primary clock signals.
Please use the CLOCK_SIGNAL constraint to specify the clock signal(s) generated by combinatorial logic.
INFO:Xst:2169 - HDL ADVISOR - Some clock signals were not automatically buffered by XST with BUFG/BUFR resources. Please use the buffer_type constraint in order to insert these buffers to the clock signals to help prevent skew problems.

Asynchronous Control Signals Information:
----------------------------------------
No asynchronous control signals found in this design

Timing Summary:
---------------
Speed Grade: -2

   Minimum period: No path found
   Minimum input arrival time before clock: No path found
   Maximum output required time after clock: No path found
   Maximum combinational path delay: No path found

Timing Details:
---------------
All values displayed in nanoseconds (ns)

=========================================================================

Cross Clock Domains Report:
--------------------------

=========================================================================


Total REAL time to Xst completion: 8.00 secs
Total CPU time to Xst completion: 7.82 secs
 
--> 

Total memory usage is 212520 kilobytes

Number of errors   :    0 (   0 filtered)
Number of warnings :    8 (   0 filtered)
Number of infos    :    4 (   0 filtered)

